[INFO] Scanning for projects...
[INFO] 
[INFO] -------------------< com.example:ticketing-service >--------------------
[INFO] Building  0.0.1-SNAPSHOT
[INFO]   from pom.xml
[INFO] --------------------------------[ jar ]---------------------------------
[INFO] 
[INFO] --- resources:3.3.1:resources (default-resources) @ ticketing-service ---
[INFO] Copying 1 resource from src\main\resources to target\classes
[INFO] Copying 0 resource from src\main\resources to target\classes
[INFO] 
[INFO] --- compiler:3.14.1:compile (default-compile) @ ticketing-service ---
[INFO] Recompiling the module because of changed source code.
[INFO] Compiling 15 source files with javac [debug parameters release 21] to target\classes
[INFO] /D:/project/LMS-Lerniq/src/main/java/com/smartcampus/ticketing_service/exception/GlobalExceptionHandler.java: D:\project\LMS-Lerniq\src\main\java\com\smartcampus\ticketing_service\exception\GlobalExceptionHandler.java uses or overrides a deprecated API.
[INFO] /D:/project/LMS-Lerniq/src/main/java/com/smartcampus/ticketing_service/exception/GlobalExceptionHandler.java: Recompile with -Xlint:deprecation for details.
[INFO] -------------------------------------------------------------
[ERROR] COMPILATION ERROR : 
[INFO] -------------------------------------------------------------
[ERROR] /D:/project/LMS-Lerniq/src/main/java/com/smartcampus/ticketing_service/controller/IncidentTicketController.java:[26,26] wrong number of type arguments; required 1
[ERROR] /D:/project/LMS-Lerniq/src/main/java/com/smartcampus/ticketing_service/service/IncidentTicketService.java:[29,43] cannot find symbol
  symbol:   method getResourceLocation()
  location: variable request of type com.smartcampus.ticketing_service.dto.TicketCreateRequest
[ERROR] /D:/project/LMS-Lerniq/src/main/java/com/smartcampus/ticketing_service/service/IncidentTicketService.java:[30,35] cannot find symbol
  symbol:   method getCategory()
  location: variable request of type com.smartcampus.ticketing_service.dto.TicketCreateRequest
[ERROR] /D:/project/LMS-Lerniq/src/main/java/com/smartcampus/ticketing_service/service/IncidentTicketService.java:[31,38] cannot find symbol
  symbol:   method getDescription()
  location: variable request of type com.smartcampus.ticketing_service.dto.TicketCreateRequest
[ERROR] /D:/project/LMS-Lerniq/src/main/java/com/smartcampus/ticketing_service/service/IncidentTicketService.java:[32,35] cannot find symbol
  symbol:   method getPriority()
  location: variable request of type com.smartcampus.ticketing_service.dto.TicketCreateRequest
[ERROR] /D:/project/LMS-Lerniq/src/main/java/com/smartcampus/ticketing_service/service/IncidentTicketService.java:[33,50] cannot find symbol
  symbol:   method getPreferredContactDetails()
  location: variable request of type com.smartcampus.ticketing_service.dto.TicketCreateRequest
[ERROR] /D:/project/LMS-Lerniq/src/main/java/com/smartcampus/ticketing_service/service/IncidentTicketService.java:[34,42] cannot find symbol
  symbol:   method getCreatedByUserId()
  location: variable request of type com.smartcampus.ticketing_service.dto.TicketCreateRequest
[ERROR] /D:/project/LMS-Lerniq/src/main/java/com/smartcampus/ticketing_service/service/IncidentTicketService.java:[35,15] cannot find symbol
  symbol:   method setStatus(com.smartcampus.ticketing_service.model.TicketStatus)
  location: variable ticket of type com.smartcampus.ticketing_service.model.IncidentTicket
[ERROR] /D:/project/LMS-Lerniq/src/main/java/com/smartcampus/ticketing_service/service/IncidentTicketService.java:[44,55] cannot find symbol
  symbol:   method getId()
  location: variable ticket of type com.smartcampus.ticketing_service.model.IncidentTicket
[ERROR] /D:/project/LMS-Lerniq/src/main/java/com/smartcampus/ticketing_service/service/IncidentTicketService.java:[51,15] cannot find symbol
  symbol:   method setAttachmentUrls(java.util.List<java.lang.String>)
  location: variable ticket of type com.smartcampus.ticketing_service.model.IncidentTicket
[ERROR] /D:/project/LMS-Lerniq/src/main/java/com/smartcampus/ticketing_service/service/IncidentTicketService.java:[70,15] cannot find symbol
  symbol:   method setStatus(com.smartcampus.ticketing_service.model.TicketStatus)
  location: variable ticket of type com.smartcampus.ticketing_service.model.IncidentTicket
[ERROR] /D:/project/LMS-Lerniq/src/main/java/com/smartcampus/ticketing_service/service/IncidentTicketService.java:[77,30] cannot find symbol
  symbol:   method getId()
  location: variable ticket of type com.smartcampus.ticketing_service.model.IncidentTicket
[ERROR] /D:/project/LMS-Lerniq/src/main/java/com/smartcampus/ticketing_service/service/IncidentTicketService.java:[78,44] cannot find symbol
  symbol:   method getResourceLocation()
  location: variable ticket of type com.smartcampus.ticketing_service.model.IncidentTicket
[ERROR] /D:/project/LMS-Lerniq/src/main/java/com/smartcampus/ticketing_service/service/IncidentTicketService.java:[79,36] cannot find symbol
  symbol:   method getCategory()
  location: variable ticket of type com.smartcampus.ticketing_service.model.IncidentTicket
[ERROR] /D:/project/LMS-Lerniq/src/main/java/com/smartcampus/ticketing_service/service/IncidentTicketService.java:[80,39] cannot find symbol
  symbol:   method getDescription()
  location: variable ticket of type com.smartcampus.ticketing_service.model.IncidentTicket
[ERROR] /D:/project/LMS-Lerniq/src/main/java/com/smartcampus/ticketing_service/service/IncidentTicketService.java:[81,36] cannot find symbol
  symbol:   method getPriority()
  location: variable ticket of type com.smartcampus.ticketing_service.model.IncidentTicket
[ERROR] /D:/project/LMS-Lerniq/src/main/java/com/smartcampus/ticketing_service/service/IncidentTicketService.java:[82,51] cannot find symbol
  symbol:   method getPreferredContactDetails()
  location: variable ticket of type com.smartcampus.ticketing_service.model.IncidentTicket
[ERROR] /D:/project/LMS-Lerniq/src/main/java/com/smartcampus/ticketing_service/service/IncidentTicketService.java:[83,34] cannot find symbol
  symbol:   method getStatus()
  location: variable ticket of type com.smartcampus.ticketing_service.model.IncidentTicket
[ERROR] /D:/project/LMS-Lerniq/src/main/java/com/smartcampus/ticketing_service/service/IncidentTicketService.java:[84,42] cannot find symbol
  symbol:   method getAttachmentUrls()
  location: variable ticket of type com.smartcampus.ticketing_service.model.IncidentTicket
[ERROR] /D:/project/LMS-Lerniq/src/main/java/com/smartcampus/ticketing_service/service/IncidentTicketService.java:[85,43] cannot find symbol
  symbol:   method getCreatedByUserId()
  location: variable ticket of type com.smartcampus.ticketing_service.model.IncidentTicket
[ERROR] /D:/project/LMS-Lerniq/src/main/java/com/smartcampus/ticketing_service/service/IncidentTicketService.java:[86,48] cannot find symbol
  symbol:   method getAssignedTechnicianId()
  location: variable ticket of type com.smartcampus.ticketing_service.model.IncidentTicket
[ERROR] /D:/project/LMS-Lerniq/src/main/java/com/smartcampus/ticketing_service/service/IncidentTicketService.java:[87,37] cannot find symbol
  symbol:   method getCreatedAt()
  location: variable ticket of type com.smartcampus.ticketing_service.model.IncidentTicket
[ERROR] /D:/project/LMS-Lerniq/src/main/java/com/smartcampus/ticketing_service/service/IncidentTicketService.java:[88,37] cannot find symbol
  symbol:   method getUpdatedAt()
  location: variable ticket of type com.smartcampus.ticketing_service.model.IncidentTicket
[INFO] 23 errors 
[INFO] -------------------------------------------------------------
[INFO] ------------------------------------------------------------------------
[INFO] BUILD FAILURE
[INFO] ------------------------------------------------------------------------
[INFO] Total time:  2.129 s
[INFO] Finished at: 2026-04-07T20:21:07+05:30
[INFO] ------------------------------------------------------------------------
[ERROR] Failed to execute goal org.apache.maven.plugins:maven-compiler-plugin:3.14.1:compile (default-compile) on project ticketing-service: Compilation failure: Compilation failure: 
[ERROR] /D:/project/LMS-Lerniq/src/main/java/com/smartcampus/ticketing_service/controller/IncidentTicketController.java:[26,26] wrong number of type arguments; required 1
[ERROR] /D:/project/LMS-Lerniq/src/main/java/com/smartcampus/ticketing_service/service/IncidentTicketService.java:[29,43] cannot find symbol
[ERROR]   symbol:   method getResourceLocation()
[ERROR]   location: variable request of type com.smartcampus.ticketing_service.dto.TicketCreateRequest
[ERROR] /D:/project/LMS-Lerniq/src/main/java/com/smartcampus/ticketing_service/service/IncidentTicketService.java:[30,35] cannot find symbol
[ERROR]   symbol:   method getCategory()
[ERROR]   location: variable request of type com.smartcampus.ticketing_service.dto.TicketCreateRequest
[ERROR] /D:/project/LMS-Lerniq/src/main/java/com/smartcampus/ticketing_service/service/IncidentTicketService.java:[31,38] cannot find symbol
[ERROR]   symbol:   method getDescription()
[ERROR]   location: variable request of type com.smartcampus.ticketing_service.dto.TicketCreateRequest
[ERROR] /D:/project/LMS-Lerniq/src/main/java/com/smartcampus/ticketing_service/service/IncidentTicketService.java:[32,35] cannot find symbol
[ERROR]   symbol:   method getPriority()
[ERROR]   location: variable request of type com.smartcampus.ticketing_service.dto.TicketCreateRequest
[ERROR] /D:/project/LMS-Lerniq/src/main/java/com/smartcampus/ticketing_service/service/IncidentTicketService.java:[33,50] cannot find symbol
[ERROR]   symbol:   method getPreferredContactDetails()
[ERROR]   location: variable request of type com.smartcampus.ticketing_service.dto.TicketCreateRequest
[ERROR] /D:/project/LMS-Lerniq/src/main/java/com/smartcampus/ticketing_service/service/IncidentTicketService.java:[34,42] cannot find symbol
[ERROR]   symbol:   method getCreatedByUserId()
[ERROR]   location: variable request of type com.smartcampus.ticketing_service.dto.TicketCreateRequest
[ERROR] /D:/project/LMS-Lerniq/src/main/java/com/smartcampus/ticketing_service/service/IncidentTicketService.java:[35,15] cannot find symbol
[ERROR]   symbol:   method setStatus(com.smartcampus.ticketing_service.model.TicketStatus)
[ERROR]   location: variable ticket of type com.smartcampus.ticketing_service.model.IncidentTicket
[ERROR] /D:/project/LMS-Lerniq/src/main/java/com/smartcampus/ticketing_service/service/IncidentTicketService.java:[44,55] cannot find symbol
[ERROR]   symbol:   method getId()
[ERROR]   location: variable ticket of type com.smartcampus.ticketing_service.model.IncidentTicket
[ERROR] /D:/project/LMS-Lerniq/src/main/java/com/smartcampus/ticketing_service/service/IncidentTicketService.java:[51,15] cannot find symbol
[ERROR]   symbol:   method setAttachmentUrls(java.util.List<java.lang.String>)
[ERROR]   location: variable ticket of type com.smartcampus.ticketing_service.model.IncidentTicket
[ERROR] /D:/project/LMS-Lerniq/src/main/java/com/smartcampus/ticketing_service/service/IncidentTicketService.java:[70,15] cannot find symbol
[ERROR]   symbol:   method setStatus(com.smartcampus.ticketing_service.model.TicketStatus)
[ERROR]   location: variable ticket of type com.smartcampus.ticketing_service.model.IncidentTicket
[ERROR] /D:/project/LMS-Lerniq/src/main/java/com/smartcampus/ticketing_service/service/IncidentTicketService.java:[77,30] cannot find symbol
[ERROR]   symbol:   method getId()
[ERROR]   location: variable ticket of type com.smartcampus.ticketing_service.model.IncidentTicket
[ERROR] /D:/project/LMS-Lerniq/src/main/java/com/smartcampus/ticketing_service/service/IncidentTicketService.java:[78,44] cannot find symbol
[ERROR]   symbol:   method getResourceLocation()
[ERROR]   location: variable ticket of type com.smartcampus.ticketing_service.model.IncidentTicket
[ERROR] /D:/project/LMS-Lerniq/src/main/java/com/smartcampus/ticketing_service/service/IncidentTicketService.java:[79,36] cannot find symbol
[ERROR]   symbol:   method getCategory()
[ERROR]   location: variable ticket of type com.smartcampus.ticketing_service.model.IncidentTicket
[ERROR] /D:/project/LMS-Lerniq/src/main/java/com/smartcampus/ticketing_service/service/IncidentTicketService.java:[80,39] cannot find symbol
[ERROR]   symbol:   method getDescription()
[ERROR]   location: variable ticket of type com.smartcampus.ticketing_service.model.IncidentTicket
[ERROR] /D:/project/LMS-Lerniq/src/main/java/com/smartcampus/ticketing_service/service/IncidentTicketService.java:[81,36] cannot find symbol
[ERROR]   symbol:   method getPriority()
[ERROR]   location: variable ticket of type com.smartcampus.ticketing_service.model.IncidentTicket
[ERROR] /D:/project/LMS-Lerniq/src/main/java/com/smartcampus/ticketing_service/service/IncidentTicketService.java:[82,51] cannot find symbol
[ERROR]   symbol:   method getPreferredContactDetails()
[ERROR]   location: variable ticket of type com.smartcampus.ticketing_service.model.IncidentTicket
[ERROR] /D:/project/LMS-Lerniq/src/main/java/com/smartcampus/ticketing_service/service/IncidentTicketService.java:[83,34] cannot find symbol
[ERROR]   symbol:   method getStatus()
[ERROR]   location: variable ticket of type com.smartcampus.ticketing_service.model.IncidentTicket
[ERROR] /D:/project/LMS-Lerniq/src/main/java/com/smartcampus/ticketing_service/service/IncidentTicketService.java:[84,42] cannot find symbol
[ERROR]   symbol:   method getAttachmentUrls()
[ERROR]   location: variable ticket of type com.smartcampus.ticketing_service.model.IncidentTicket
[ERROR] /D:/project/LMS-Lerniq/src/main/java/com/smartcampus/ticketing_service/service/IncidentTicketService.java:[85,43] cannot find symbol
[ERROR]   symbol:   method getCreatedByUserId()
[ERROR]   location: variable ticket of type com.smartcampus.ticketing_service.model.IncidentTicket
[ERROR] /D:/project/LMS-Lerniq/src/main/java/com/smartcampus/ticketing_service/service/IncidentTicketService.java:[86,48] cannot find symbol
[ERROR]   symbol:   method getAssignedTechnicianId()
[ERROR]   location: variable ticket of type com.smartcampus.ticketing_service.model.IncidentTicket
[ERROR] /D:/project/LMS-Lerniq/src/main/java/com/smartcampus/ticketing_service/service/IncidentTicketService.java:[87,37] cannot find symbol
[ERROR]   symbol:   method getCreatedAt()
[ERROR]   location: variable ticket of type com.smartcampus.ticketing_service.model.IncidentTicket
[ERROR] /D:/project/LMS-Lerniq/src/main/java/com/smartcampus/ticketing_service/service/IncidentTicketService.java:[88,37] cannot find symbol
[ERROR]   symbol:   method getUpdatedAt()
[ERROR]   location: variable ticket of type com.smartcampus.ticketing_service.model.IncidentTicket
[ERROR] -> [Help 1]
[ERROR] 
[ERROR] To see the full stack trace of the errors, re-run Maven with the -e switch.
[ERROR] Re-run Maven using the -X switch to enable full debug logging.
[ERROR] 
[ERROR] For more information about the errors and possible solutions, please read the following articles:
[ERROR] [Help 1] http://cwiki.apache.org/confluence/display/MAVEN/MojoFailureException
